c:\users\quan\documents\c++\wxform\lttcdt\windowsproject2\debug\vc142.pdb
c:\users\quan\documents\c++\wxform\lttcdt\windowsproject2\debug\vc142.idb
c:\users\quan\documents\c++\wxform\lttcdt\windowsproject2\debug\window.obj
c:\users\quan\documents\c++\wxform\lttcdt\windowsproject2\debug\settingcontent.obj
c:\users\quan\documents\c++\wxform\lttcdt\windowsproject2\debug\refreshcontent.obj
c:\users\quan\documents\c++\wxform\lttcdt\windowsproject2\debug\notescontent.obj
c:\users\quan\documents\c++\wxform\lttcdt\windowsproject2\debug\menucontent.obj
c:\users\quan\documents\c++\wxform\lttcdt\windowsproject2\debug\menu.obj
c:\users\quan\documents\c++\wxform\lttcdt\windowsproject2\debug\firstframe.obj
c:\users\quan\documents\c++\wxform\lttcdt\windowsproject2\debug\chartcontent.obj
c:\users\quan\documents\c++\wxform\lttcdt\windowsproject2\debug\mathplot.obj
c:\users\quan\documents\c++\wxform\lttcdt\windowsproject2\debug\energycharts.obj
c:\users\quan\documents\c++\wxform\lttcdt\windowsproject2\debug\randwexcel.obj
c:\users\quan\documents\c++\wxform\lttcdt\windowsproject2\debug\csvreader.obj
c:\users\quan\documents\c++\wxform\lttcdt\debug\windowsproject2.exe
c:\users\quan\documents\c++\wxform\lttcdt\debug\windowsproject2.ilk
c:\users\quan\documents\c++\wxform\lttcdt\debug\windowsproject2.pdb
c:\users\quan\documents\c++\wxform\lttcdt\windowsproject2\debug\plot.obj
c:\users\quan\documents\c++\wxform\lttcdt\windowsproject2\debug\windowsproject2.tlog\cl.command.1.tlog
c:\users\quan\documents\c++\wxform\lttcdt\windowsproject2\debug\windowsproject2.tlog\cl.read.1.tlog
c:\users\quan\documents\c++\wxform\lttcdt\windowsproject2\debug\windowsproject2.tlog\cl.write.1.tlog
c:\users\quan\documents\c++\wxform\lttcdt\windowsproject2\debug\windowsproject2.tlog\link.command.1.tlog
c:\users\quan\documents\c++\wxform\lttcdt\windowsproject2\debug\windowsproject2.tlog\link.read.1.tlog
c:\users\quan\documents\c++\wxform\lttcdt\windowsproject2\debug\windowsproject2.tlog\link.write.1.tlog
